1605706177.171428 client started (1186): version 3.0a, socket /tmp/tmux-1000/default, protocol 8
1605706177.171475 on Linux 4.19.84-microsoft-standard #1 SMP Wed Nov 13 11:44:37 UTC 2019; libevent 2.1.11-stable (poll)
1605706177.171481 socket is /tmp/tmux-1000/default
1605706177.171486 trying connect
1605706177.171549 add peer 0x55ac4d57afb0: 6 ((nil))
1605706177.171581 sending message 100 to peer 0x55ac4d57afb0 (4 bytes)
1605706177.171585 sending message 101 to peer 0x55ac4d57afb0 (16 bytes)
1605706177.171587 sending message 102 to peer 0x55ac4d57afb0 (11 bytes)
1605706177.171588 sending message 108 to peer 0x55ac4d57afb0 (17 bytes)
1605706177.171590 sending message 104 to peer 0x55ac4d57afb0 (0 bytes)
1605706177.171592 sending message 107 to peer 0x55ac4d57afb0 (4 bytes)
1605706177.171594 sending message 105 to peer 0x55ac4d57afb0 (12 bytes)
1605706177.171595 sending message 105 to peer 0x55ac4d57afb0 (15 bytes)
1605706177.171597 sending message 105 to peer 0x55ac4d57afb0 (50 bytes)
1605706177.171599 sending message 105 to peer 0x55ac4d57afb0 (43 bytes)
1605706177.171600 sending message 105 to peer 0x55ac4d57afb0 (56 bytes)
1605706177.171602 sending message 105 to peer 0x55ac4d57afb0 (16 bytes)
1605706177.171604 sending message 105 to peer 0x55ac4d57afb0 (238 bytes)
1605706177.171605 sending message 105 to peer 0x55ac4d57afb0 (13 bytes)
1605706177.171607 sending message 105 to peer 0x55ac4d57afb0 (28 bytes)
1605706177.171609 sending message 105 to peer 0x55ac4d57afb0 (41 bytes)
1605706177.171610 sending message 105 to peer 0x55ac4d57afb0 (12 bytes)
1605706177.171612 sending message 105 to peer 0x55ac4d57afb0 (32 bytes)
1605706177.171614 sending message 105 to peer 0x55ac4d57afb0 (1506 bytes)
1605706177.171637 sending message 105 to peer 0x55ac4d57afb0 (285 bytes)
1605706177.171642 sending message 105 to peer 0x55ac4d57afb0 (21 bytes)
1605706177.171644 sending message 105 to peer 0x55ac4d57afb0 (50 bytes)
1605706177.171646 sending message 105 to peer 0x55ac4d57afb0 (16 bytes)
1605706177.171648 sending message 105 to peer 0x55ac4d57afb0 (23 bytes)
1605706177.171649 sending message 105 to peer 0x55ac4d57afb0 (59 bytes)
1605706177.171651 sending message 105 to peer 0x55ac4d57afb0 (17 bytes)
1605706177.171653 sending message 105 to peer 0x55ac4d57afb0 (11 bytes)
1605706177.171654 sending message 105 to peer 0x55ac4d57afb0 (1788 bytes)
1605706177.171657 sending message 105 to peer 0x55ac4d57afb0 (21 bytes)
1605706177.171658 sending message 105 to peer 0x55ac4d57afb0 (15 bytes)
1605706177.171660 sending message 105 to peer 0x55ac4d57afb0 (8 bytes)
1605706177.171662 sending message 105 to peer 0x55ac4d57afb0 (27 bytes)
1605706177.171663 sending message 105 to peer 0x55ac4d57afb0 (21 bytes)
1605706177.171665 sending message 105 to peer 0x55ac4d57afb0 (36 bytes)
1605706177.171666 sending message 105 to peer 0x55ac4d57afb0 (13 bytes)
1605706177.171668 sending message 105 to peer 0x55ac4d57afb0 (9 bytes)
1605706177.171670 sending message 105 to peer 0x55ac4d57afb0 (39 bytes)
1605706177.171671 sending message 105 to peer 0x55ac4d57afb0 (39 bytes)
1605706177.171673 sending message 105 to peer 0x55ac4d57afb0 (12 bytes)
1605706177.171675 sending message 105 to peer 0x55ac4d57afb0 (33 bytes)
1605706177.171676 sending message 105 to peer 0x55ac4d57afb0 (23 bytes)
1605706177.171678 sending message 105 to peer 0x55ac4d57afb0 (33 bytes)
1605706177.171680 sending message 105 to peer 0x55ac4d57afb0 (53 bytes)
1605706177.171681 sending message 105 to peer 0x55ac4d57afb0 (48 bytes)
1605706177.171683 sending message 105 to peer 0x55ac4d57afb0 (25 bytes)
1605706177.171685 sending message 105 to peer 0x55ac4d57afb0 (37 bytes)
1605706177.171686 sending message 105 to peer 0x55ac4d57afb0 (30 bytes)
1605706177.171688 sending message 105 to peer 0x55ac4d57afb0 (16 bytes)
1605706177.171689 sending message 105 to peer 0x55ac4d57afb0 (73 bytes)
1605706177.171691 sending message 105 to peer 0x55ac4d57afb0 (34 bytes)
1605706177.171693 sending message 105 to peer 0x55ac4d57afb0 (39 bytes)
1605706177.171694 sending message 105 to peer 0x55ac4d57afb0 (39 bytes)
1605706177.171699 sending message 105 to peer 0x55ac4d57afb0 (38 bytes)
1605706177.171701 sending message 105 to peer 0x55ac4d57afb0 (40 bytes)
1605706177.171703 sending message 105 to peer 0x55ac4d57afb0 (40 bytes)
1605706177.171705 sending message 105 to peer 0x55ac4d57afb0 (43 bytes)
1605706177.171706 sending message 105 to peer 0x55ac4d57afb0 (40 bytes)
1605706177.171708 sending message 105 to peer 0x55ac4d57afb0 (37 bytes)
1605706177.171709 sending message 105 to peer 0x55ac4d57afb0 (39 bytes)
1605706177.171711 sending message 105 to peer 0x55ac4d57afb0 (44 bytes)
1605706177.171713 sending message 105 to peer 0x55ac4d57afb0 (35 bytes)
1605706177.171714 sending message 105 to peer 0x55ac4d57afb0 (46 bytes)
1605706177.171716 sending message 105 to peer 0x55ac4d57afb0 (33 bytes)
1605706177.171717 sending message 105 to peer 0x55ac4d57afb0 (37 bytes)
1605706177.171719 sending message 105 to peer 0x55ac4d57afb0 (31 bytes)
1605706177.171721 sending message 105 to peer 0x55ac4d57afb0 (40 bytes)
1605706177.171722 sending message 105 to peer 0x55ac4d57afb0 (40 bytes)
1605706177.171724 sending message 105 to peer 0x55ac4d57afb0 (45 bytes)
1605706177.171725 sending message 105 to peer 0x55ac4d57afb0 (37 bytes)
1605706177.171727 sending message 105 to peer 0x55ac4d57afb0 (37 bytes)
1605706177.171729 sending message 105 to peer 0x55ac4d57afb0 (34 bytes)
1605706177.171730 sending message 105 to peer 0x55ac4d57afb0 (35 bytes)
1605706177.171732 sending message 105 to peer 0x55ac4d57afb0 (42 bytes)
1605706177.171734 sending message 105 to peer 0x55ac4d57afb0 (43 bytes)
1605706177.171735 sending message 105 to peer 0x55ac4d57afb0 (43 bytes)
1605706177.171737 sending message 105 to peer 0x55ac4d57afb0 (35 bytes)
1605706177.171739 sending message 105 to peer 0x55ac4d57afb0 (31 bytes)
1605706177.171740 sending message 105 to peer 0x55ac4d57afb0 (32 bytes)
1605706177.171742 sending message 105 to peer 0x55ac4d57afb0 (32 bytes)
1605706177.171743 sending message 105 to peer 0x55ac4d57afb0 (30 bytes)
1605706177.171745 sending message 105 to peer 0x55ac4d57afb0 (34 bytes)
1605706177.171746 sending message 105 to peer 0x55ac4d57afb0 (32 bytes)
1605706177.171748 sending message 105 to peer 0x55ac4d57afb0 (32 bytes)
1605706177.171750 sending message 105 to peer 0x55ac4d57afb0 (43 bytes)
1605706177.171751 sending message 105 to peer 0x55ac4d57afb0 (46 bytes)
1605706177.171753 sending message 105 to peer 0x55ac4d57afb0 (36 bytes)
1605706177.171755 sending message 105 to peer 0x55ac4d57afb0 (39 bytes)
1605706177.171756 sending message 105 to peer 0x55ac4d57afb0 (39 bytes)
1605706177.171758 sending message 105 to peer 0x55ac4d57afb0 (28 bytes)
1605706177.171760 sending message 105 to peer 0x55ac4d57afb0 (33 bytes)
1605706177.171761 sending message 105 to peer 0x55ac4d57afb0 (31 bytes)
1605706177.171763 sending message 105 to peer 0x55ac4d57afb0 (31 bytes)
1605706177.171765 sending message 105 to peer 0x55ac4d57afb0 (38 bytes)
1605706177.171766 sending message 105 to peer 0x55ac4d57afb0 (38 bytes)
1605706177.171768 sending message 105 to peer 0x55ac4d57afb0 (23 bytes)
1605706177.171770 sending message 105 to peer 0x55ac4d57afb0 (31 bytes)
1605706177.171771 sending message 105 to peer 0x55ac4d57afb0 (29 bytes)
1605706177.171773 sending message 105 to peer 0x55ac4d57afb0 (29 bytes)
1605706177.171774 sending message 105 to peer 0x55ac4d57afb0 (33 bytes)
1605706177.171776 sending message 105 to peer 0x55ac4d57afb0 (34 bytes)
1605706177.171778 sending message 105 to peer 0x55ac4d57afb0 (34 bytes)
1605706177.171779 sending message 105 to peer 0x55ac4d57afb0 (124 bytes)
1605706177.171781 sending message 105 to peer 0x55ac4d57afb0 (38 bytes)
1605706177.171783 sending message 105 to peer 0x55ac4d57afb0 (55 bytes)
1605706177.171784 sending message 105 to peer 0x55ac4d57afb0 (55 bytes)
1605706177.171786 sending message 105 to peer 0x55ac4d57afb0 (230 bytes)
1605706177.171788 sending message 105 to peer 0x55ac4d57afb0 (39 bytes)
1605706177.171790 sending message 105 to peer 0x55ac4d57afb0 (56 bytes)
1605706177.171792 sending message 105 to peer 0x55ac4d57afb0 (56 bytes)
1605706177.171795 sending message 105 to peer 0x55ac4d57afb0 (34 bytes)
1605706177.171797 sending message 105 to peer 0x55ac4d57afb0 (39 bytes)
1605706177.171798 sending message 105 to peer 0x55ac4d57afb0 (37 bytes)
1605706177.171800 sending message 105 to peer 0x55ac4d57afb0 (37 bytes)
1605706177.171801 sending message 105 to peer 0x55ac4d57afb0 (51 bytes)
1605706177.171803 sending message 105 to peer 0x55ac4d57afb0 (34 bytes)
1605706177.171805 sending message 105 to peer 0x55ac4d57afb0 (34 bytes)
1605706177.171806 sending message 105 to peer 0x55ac4d57afb0 (49 bytes)
1605706177.171808 sending message 105 to peer 0x55ac4d57afb0 (50 bytes)
1605706177.171809 sending message 105 to peer 0x55ac4d57afb0 (50 bytes)
1605706177.171811 sending message 105 to peer 0x55ac4d57afb0 (40 bytes)
1605706177.171813 sending message 105 to peer 0x55ac4d57afb0 (45 bytes)
1605706177.171814 sending message 105 to peer 0x55ac4d57afb0 (46 bytes)
1605706177.171816 sending message 105 to peer 0x55ac4d57afb0 (46 bytes)
1605706177.171817 sending message 105 to peer 0x55ac4d57afb0 (41 bytes)
1605706177.171819 sending message 105 to peer 0x55ac4d57afb0 (48 bytes)
1605706177.171821 sending message 105 to peer 0x55ac4d57afb0 (49 bytes)
1605706177.171822 sending message 105 to peer 0x55ac4d57afb0 (49 bytes)
1605706177.171824 sending message 105 to peer 0x55ac4d57afb0 (51 bytes)
1605706177.171825 sending message 105 to peer 0x55ac4d57afb0 (41 bytes)
1605706177.171829 sending message 105 to peer 0x55ac4d57afb0 (43 bytes)
1605706177.171832 sending message 105 to peer 0x55ac4d57afb0 (45 bytes)
1605706177.171833 sending message 105 to peer 0x55ac4d57afb0 (46 bytes)
1605706177.171835 sending message 105 to peer 0x55ac4d57afb0 (46 bytes)
1605706177.171837 sending message 105 to peer 0x55ac4d57afb0 (32 bytes)
1605706177.171838 sending message 106 to peer 0x55ac4d57afb0 (0 bytes)
1605706177.171843 sending message 200 to peer 0x55ac4d57afb0 (4 bytes)
1605706177.171844 client loop enter
1605706177.172129 peer 0x55ac4d57afb0 message 211
1605706177.172135 client_write: sessions should be nested with care, unset $TMUX to force\n
1605706177.172158 peer 0x55ac4d57afb0 message 203
1605706177.172163 client loop exit
