make all --print-data-base --no-builtin-variables --no-builtin-rules --question
make: *** No rule to make target 'all'.  Stop.

# GNU Make 4.2.1
# Built for x86_64-pc-linux-gnu
# Copyright (C) 1988-2016 Free Software Foundation, Inc.
# License GPLv3+: GNU GPL version 3 or later <http://gnu.org/licenses/gpl.html>
# This is free software: you are free to change and redistribute it.
# There is NO WARRANTY, to the extent permitted by law.

# Make data base, printed on Tue May 17 10:03:47 2022

# Variables

# automatic
<D = $(patsubst %/,%,$(dir $<))
# automatic
?F = $(notdir $?)
# default
.SHELLFLAGS := -c
# environment
VSCODE_AGENT_FOLDER = /home/vscode/.vscode-remote
# environment
VSCODE_LOG_NATIVE = false
# automatic
?D = $(patsubst %/,%,$(dir $?))
# automatic
@D = $(patsubst %/,%,$(dir $@))
# automatic
@F = $(notdir $@)
# makefile
CURDIR := /workspaces/config
# makefile
SHELL = /bin/sh
# environment
VSCODE_NLS_CONFIG = {"locale":"en","availableLanguages":{}}
# environment
GITHUB_GRAPHQL_URL = https://api.github.com/graphql
# environment
GITHUB_TOKEN = ghu_cQC6Ed2llLHXAvmDzUu3BcftGpQmR81zdZSd
# makefile (from 'Makefile', line 1)
MAKEFILE_LIST :=  Makefile
# 'override' directive
GNUMAKEFLAGS := 
# environment
VSCODE_VERBOSE_LOGGING = true
# environment
VSCODE_CWD = /vscode/bin/linux-x64/da15b6fd3ef856477bf6f4fb29ba1b7af717770d
# default
MAKE_HOST := x86_64-pc-linux-gnu
# environment
PATH = /vscode/bin/linux-x64/da15b6fd3ef856477bf6f4fb29ba1b7af717770d/bin/remote-cli:/usr/local/sbin:/usr/local/bin:/usr/sbin:/usr/bin:/sbin:/bin
# environment
CLOUDENV_ENVIRONMENT_ID = e453d2b7-4995-44fb-b35b-dca0d23d1654
# environment
GITHUB_SERVER_URL = https://github.com
# environment
VSCODE_LOG_STACK = false
# environment
VSCODE_IPC_HOOK_CLI = /tmp/vscode-ipc-63f92b4c-e4c1-494a-87c8-8232f9e17e84.sock
# default
.FEATURES := target-specific order-only second-expansion else-if shortest-stem undefine oneshell archives jobserver output-sync check-symlink load
# environment
CODESPACES = true
# environment
CODESPACE_NAME = ksiig-config-vjx6466rcpq9p
# automatic
%F = $(notdir $%)
# environment
VSCODE_PIPE_LOGGING = true
# environment
PWD = /workspaces/config
# default
.LOADED := 
# environment
VSCODE_AMD_ENTRYPOINT = vs/workbench/api/node/extensionHostProcess
# environment
HOME = /home/vscode
# environment
APPLICATION_INSIGHTS_NO_DIAGNOSTIC_CHANNEL = true
# automatic
+F = $(notdir $+)
# environment
VSCODE_HANDLES_UNCAUGHT_ERRORS = true
# automatic
^D = $(patsubst %/,%,$(dir $^))
# environment
HOSTNAME = e162c403e8bd
# environment
MAKELEVEL := 0
# default
MAKE = $(MAKE_COMMAND)
# default
MAKECMDGOALS := all
# makefile (from 'Makefile', line 1)
DOCKER_WRAPPER_IMAGE = ghcr.io/ksiig/utility-images:ansible-latest
# default
MAKE_VERSION := 4.2.1
# environment
GITHUB_CODESPACE_TOKEN = ALN2PEECPLYX7UKXWH4ATADCQQN2DANCNFSM4ABQXHCQ
# makefile
.DEFAULT_GOAL := test
# automatic
%D = $(patsubst %/,%,$(dir $%))
# default
MAKE_COMMAND := make
# default
.VARIABLES := 
# automatic
*F = $(notdir $*)
# makefile
MAKEFLAGS = pqrR
# environment
MFLAGS = -pqrR
# automatic
*D = $(patsubst %/,%,$(dir $*))
# automatic
+D = $(patsubst %/,%,$(dir $+))
# environment
BROWSER = /vscode/bin/linux-x64/da15b6fd3ef856477bf6f4fb29ba1b7af717770d/bin/helpers/browser.sh
# environment
VSCODE_HANDLES_SIGPIPE = true
# environment
GITHUB_USER = KSiig
# default
MAKEFILES := 
# automatic
<F = $(notdir $<)
# environment
GITHUB_API_URL = https://api.github.com
# environment
LC_ALL = C
# environment
GIT_COMMITTER_NAME = GitHub
# environment
INTERNAL_VSCS_TARGET_URL = https://westeurope.online.visualstudio.com
# environment
GITHUB_REPOSITORY = KSiig/config
# automatic
^F = $(notdir $^)
# default
SUFFIXES := 
# environment
GIT_COMMITTER_EMAIL = noreply@github.com
# default
.INCLUDE_DIRS = /usr/include /usr/local/include /usr/include
# default
.RECIPEPREFIX := 
# environment
LOCAL_WORKSPACE_FOLDER = /var/lib/docker/codespacemount/workspace/config
# environment
LANG = C
# environment
VSCODE_EXTHOST_WILL_SEND_SOCKET = true
# variable set hash-table stats:
# Load=70/1024=7%, Rehash=0, Collisions=5/96=5%

# Pattern-specific Variable Values

# No pattern-specific variable values.

# Directories

# . (device 1792, inode 1310870): 14 files, no impossibilities.

# 14 files, no impossibilities in 1 directories.

# Implicit Rules

docker_%:
#  recipe to execute (from 'Makefile', line 8):
	@docker run --rm \
	-v /var/run/docker.sock:/var/run/docker.sock \
	-v $(shell pwd):/app \
	-w /app \
	-e CR_PAT=${CR_PAT} \
	${DOCKER_WRAPPER_IMAGE} $(MAKE) $*

# 1 implicit rules, 0 (0.0%) terminal.

# Files

# Not a target:
all:
#  Command line target.
#  Implicit rule search has been done.
#  File does not exist.
#  File has not been updated.

.PHONY: test
#  Implicit rule search has not been done.
#  Modification time never checked.
#  File has not been updated.

# Not a target:
Makefile:
#  Implicit rule search has been done.
#  Last modified 2022-05-16 11:48:46.864840768
#  File has been updated.
#  Successfully updated.

test:
#  Phony target (prerequisite of .PHONY).
#  Implicit rule search has not been done.
#  File does not exist.
#  File has not been updated.
#  recipe to execute (from 'Makefile', line 4):
	find ./roles -maxdepth 1 -type d -exec make -C {} test \;

# Not a target:
.DEFAULT:
#  Implicit rule search has not been done.
#  Modification time never checked.
#  File has not been updated.

# files hash-table stats:
# Load=6/1024=1%, Rehash=0, Collisions=0/17=0%
# VPATH Search Paths

# No 'vpath' search paths.

# No general ('VPATH' variable) search path.

# strcache buffers: 1 (0) / strings = 22 / storage = 195 B / avg = 8 B
# current buf: size = 8162 B / used = 195 B / count = 22 / avg = 8 B

# strcache performance: lookups = 29 / hit rate = 24%
# hash-table stats:
# Load=22/8192=0%, Rehash=0, Collisions=1/29=3%
# Finished Make data base on Tue May 17 10:03:47 2022

 
